<?xml version="1.0" encoding="UTF-8"?>
<testsuite xmlns:xsi="http://www.w3.org/2001/XMLSchema-instance" xsi:noNamespaceSchemaLocation="https://maven.apache.org/surefire/maven-surefire-plugin/xsd/surefire-test-report-3.0.xsd" version="3.0" name="com.example.odev.OdevApplicationTests" time="15.881" tests="1" errors="0" skipped="0" failures="0">
  <properties>
[...]
</properties>
  <testcase name="contextLoads" classname="com.example.odev.OdevApplicationTests" time="0.378">
    <system-out><![CDATA[16:51:46.097 [main] INFO org.springframework.test.context.support.AnnotationConfigContextLoaderUtils -- Could not detect default configuration classes for test class [com.example.odev.OdevApplicationTests]: OdevApplicationTests does not declare any static, non-private, non-final, nested classes annotated with @Configuration.
16:51:46.190 [main] INFO org.springframework.boot.test.context.SpringBootTestContextBootstrapper -- Found @SpringBootConfiguration com.example.odev.OdevApplication for test class com.example.odev.OdevApplicationTests

  .   ____          _            __ _ _
 /\\ / ___'_ __ _ _(_)_ __  __ _ \ \ \ \
( ( )\___ | '_ | '_| | '_ \/ _` | \ \ \ \
 \\/  ___)| |_)| | | | | || (_| |  ) ) ) )
  '  |____| .__|_| |_|_| |_\__, | / / / /
 =========|_|==============|___/=/_/_/_/
 :: Spring Boot ::                (v3.2.0)

2023-12-11T16:51:46.534+03:00  INFO 10876 --- [           main] com.example.odev.OdevApplicationTests    : Starting OdevApplicationTests using Java 17.0.8 with PID 10876 (started by ATA in C:\pinsoft_projects\pinsoftOdev)
2023-12-11T16:51:46.536+03:00  INFO 10876 --- [           main] com.example.odev.OdevApplicationTests    : No active profile set, falling back to 1 default profile: "default"
2023-12-11T16:51:47.108+03:00  INFO 10876 --- [           main] .s.d.r.c.RepositoryConfigurationDelegate : Bootstrapping Spring Data JPA repositories in DEFAULT mode.
2023-12-11T16:51:47.176+03:00  INFO 10876 --- [           main] .s.d.r.c.RepositoryConfigurationDelegate : Finished Spring Data repository scanning in 60 ms. Found 4 JPA repository interfaces.
2023-12-11T16:51:47.573+03:00  INFO 10876 --- [           main] com.zaxxer.hikari.HikariDataSource       : HikariPool-1 - Starting...
2023-12-11T16:51:49.883+03:00  INFO 10876 --- [           main] com.zaxxer.hikari.pool.HikariPool        : HikariPool-1 - Added connection org.postgresql.jdbc.PgConnection@2c1f8dbd
2023-12-11T16:51:49.884+03:00  INFO 10876 --- [           main] com.zaxxer.hikari.HikariDataSource       : HikariPool-1 - Start completed.
2023-12-11T16:51:50.325+03:00  INFO 10876 --- [           main] liquibase.database                       : Set default schema name to public
2023-12-11T16:51:50.908+03:00  INFO 10876 --- [           main] liquibase.changelog                      : Creating database history table with name: public.databasechangelog
2023-12-11T16:51:51.141+03:00  INFO 10876 --- [           main] liquibase.changelog                      : Reading from public.databasechangelog
2023-12-11T16:51:52.459+03:00  INFO 10876 --- [           main] liquibase.lockservice                    : Successfully acquired change log lock
2023-12-11T16:51:52.513+03:00  INFO 10876 --- [           main] liquibase.command                        : Using deploymentId: 2302712512
2023-12-11T16:51:52.565+03:00  INFO 10876 --- [           main] liquibase.changelog                      : Reading from public.databasechangelog
Running Changeset: db/changelog/category.xml::20231208-1::yigit
2023-12-11T16:51:52.830+03:00  INFO 10876 --- [           main] liquibase.changelog                      : Table product created
2023-12-11T16:51:52.890+03:00  INFO 10876 --- [           main] liquibase.changelog                      : ChangeSet db/changelog/category.xml::20231208-1::yigit ran successfully in 243ms
Running Changeset: db/changelog/category.xml::20231208-2::yigit
2023-12-11T16:51:53.197+03:00  INFO 10876 --- [           main] liquibase.changelog                      : Table category created
2023-12-11T16:51:53.256+03:00  INFO 10876 --- [           main] liquibase.changelog                      : ChangeSet db/changelog/category.xml::20231208-2::yigit ran successfully in 191ms
Running Changeset: db/changelog/category.xml::20231208-3::yigit
2023-12-11T16:51:53.666+03:00  INFO 10876 --- [           main] liquibase.changelog                      : Foreign key constraint added to product (category_id)
2023-12-11T16:51:53.746+03:00  INFO 10876 --- [           main] liquibase.changelog                      : ChangeSet db/changelog/category.xml::20231208-3::yigit ran successfully in 292ms
Running Changeset: db/changelog/category.xml::20231210_1::atapolat
2023-12-11T16:51:54.043+03:00  INFO 10876 --- [           main] liquibase.changelog                      : New row inserted into category
2023-12-11T16:51:54.140+03:00  INFO 10876 --- [           main] liquibase.changelog                      : ChangeSet db/changelog/category.xml::20231210_1::atapolat ran successfully in 216ms
Running Changeset: db/changelog/category.xml::20231210_2::atapolat
2023-12-11T16:51:54.496+03:00  INFO 10876 --- [           main] liquibase.changelog                      : New row inserted into category
2023-12-11T16:51:54.639+03:00  INFO 10876 --- [           main] liquibase.changelog                      : ChangeSet db/changelog/category.xml::20231210_2::atapolat ran successfully in 297ms
Running Changeset: db/changelog/category.xml::20231210_3::atapolat
2023-12-11T16:51:54.884+03:00  INFO 10876 --- [           main] liquibase.changelog                      : New row inserted into category
2023-12-11T16:51:54.969+03:00  INFO 10876 --- [           main] liquibase.changelog                      : ChangeSet db/changelog/category.xml::20231210_3::atapolat ran successfully in 223ms
Running Changeset: db/changelog/category.xml::20231210_4::atapolat
2023-12-11T16:51:55.338+03:00  INFO 10876 --- [           main] liquibase.changelog                      : New row inserted into product
2023-12-11T16:51:55.439+03:00  INFO 10876 --- [           main] liquibase.changelog                      : ChangeSet db/changelog/category.xml::20231210_4::atapolat ran successfully in 336ms
Running Changeset: db/changelog/category.xml::20231210_5::atapolat
2023-12-11T16:51:55.769+03:00  INFO 10876 --- [           main] liquibase.changelog                      : New row inserted into product
2023-12-11T16:51:55.829+03:00  INFO 10876 --- [           main] liquibase.changelog                      : ChangeSet db/changelog/category.xml::20231210_5::atapolat ran successfully in 238ms
Running Changeset: db/changelog/category.xml::20231210_6::atapolat
2023-12-11T16:51:56.065+03:00  INFO 10876 --- [           main] liquibase.changelog                      : New row inserted into product
2023-12-11T16:51:56.127+03:00  INFO 10876 --- [           main] liquibase.changelog                      : ChangeSet db/changelog/category.xml::20231210_6::atapolat ran successfully in 171ms
Running Changeset: db/changelog/users.xml::20231208-4::yigit
2023-12-11T16:51:56.401+03:00  INFO 10876 --- [           main] liquibase.changelog                      : Table role created
2023-12-11T16:51:56.460+03:00  INFO 10876 --- [           main] liquibase.changelog                      : ChangeSet db/changelog/users.xml::20231208-4::yigit ran successfully in 218ms
Running Changeset: db/changelog/users.xml::20231208-5::yigit
2023-12-11T16:51:56.738+03:00  INFO 10876 --- [           main] liquibase.changelog                      : Table user created
2023-12-11T16:51:56.801+03:00  INFO 10876 --- [           main] liquibase.changelog                      : ChangeSet db/changelog/users.xml::20231208-5::yigit ran successfully in 209ms
Running Changeset: db/changelog/users.xml::20231208-6::yigit
2023-12-11T16:51:57.048+03:00  INFO 10876 --- [           main] liquibase.changelog                      : Foreign key constraint added to user (role_id)
2023-12-11T16:51:57.101+03:00  INFO 10876 --- [           main] liquibase.changelog                      : ChangeSet db/changelog/users.xml::20231208-6::yigit ran successfully in 178ms
Running Changeset: db/changelog/users.xml::20231208-7::yigit
2023-12-11T16:51:57.326+03:00  INFO 10876 --- [           main] liquibase.changelog                      : New row inserted into role
2023-12-11T16:51:57.385+03:00  INFO 10876 --- [           main] liquibase.changelog                      : ChangeSet db/changelog/users.xml::20231208-7::yigit ran successfully in 173ms
Running Changeset: db/changelog/users.xml::20231208-8::yigit
2023-12-11T16:51:57.630+03:00  INFO 10876 --- [           main] liquibase.changelog                      : New row inserted into role
2023-12-11T16:51:57.682+03:00  INFO 10876 --- [           main] liquibase.changelog                      : ChangeSet db/changelog/users.xml::20231208-8::yigit ran successfully in 170ms
Running Changeset: db/changelog/users.xml::20231208-9::yigit
2023-12-11T16:51:57.909+03:00  INFO 10876 --- [           main] liquibase.changelog                      : New row inserted into user
2023-12-11T16:51:57.974+03:00  INFO 10876 --- [           main] liquibase.changelog                      : ChangeSet db/changelog/users.xml::20231208-9::yigit ran successfully in 177ms
2023-12-11T16:51:58.096+03:00  INFO 10876 --- [           main] liquibase.util                           : UPDATE SUMMARY
2023-12-11T16:51:58.097+03:00  INFO 10876 --- [           main] liquibase.util                           : Run:                         15
2023-12-11T16:51:58.097+03:00  INFO 10876 --- [           main] liquibase.util                           : Previously run:               0
2023-12-11T16:51:58.097+03:00  INFO 10876 --- [           main] liquibase.util                           : Filtered out:                 0
2023-12-11T16:51:58.097+03:00  INFO 10876 --- [           main] liquibase.util                           : -------------------------------
2023-12-11T16:51:58.097+03:00  INFO 10876 --- [           main] liquibase.util                           : Total change sets:           15
2023-12-11T16:51:58.097+03:00  INFO 10876 --- [           main] liquibase.util                           : Update summary generated
2023-12-11T16:51:58.098+03:00  INFO 10876 --- [           main] liquibase.command                        : Update command completed successfully.
Liquibase: Update has been successful. Rows affected: 24
2023-12-11T16:51:58.272+03:00  INFO 10876 --- [           main] liquibase.lockservice                    : Successfully released change log lock
2023-12-11T16:51:58.329+03:00  INFO 10876 --- [           main] liquibase.command                        : Command execution complete
2023-12-11T16:51:58.481+03:00  INFO 10876 --- [           main] o.hibernate.jpa.internal.util.LogHelper  : HHH000204: Processing PersistenceUnitInfo [name: default]
2023-12-11T16:51:58.567+03:00  INFO 10876 --- [           main] org.hibernate.Version                    : HHH000412: Hibernate ORM core version 6.3.1.Final
2023-12-11T16:51:58.608+03:00  INFO 10876 --- [           main] o.h.c.internal.RegionFactoryInitiator    : HHH000026: Second-level cache disabled
2023-12-11T16:51:58.849+03:00  INFO 10876 --- [           main] o.s.o.j.p.SpringPersistenceUnitInfo      : No LoadTimeWeaver setup: ignoring JPA class transformer
2023-12-11T16:51:58.898+03:00  WARN 10876 --- [           main] org.hibernate.orm.deprecation            : HHH90000025: PostgreSQLDialect does not need to be specified explicitly using 'hibernate.dialect' (remove the property setting and it will be selected by default)
2023-12-11T16:51:59.745+03:00  INFO 10876 --- [           main] o.h.e.t.j.p.i.JtaPlatformInitiator       : HHH000489: No JTA platform available (set 'hibernate.transaction.jta.platform' to enable JTA platform integration)
2023-12-11T16:52:00.707+03:00  INFO 10876 --- [           main] j.LocalContainerEntityManagerFactoryBean : Initialized JPA EntityManagerFactory for persistence unit 'default'
2023-12-11T16:52:01.080+03:00  WARN 10876 --- [           main] JpaBaseConfiguration$JpaWebConfiguration : spring.jpa.open-in-view is enabled by default. Therefore, database queries may be performed during view rendering. Explicitly configure spring.jpa.open-in-view to disable this warning
2023-12-11T16:52:01.436+03:00  INFO 10876 --- [           main] com.example.odev.OdevApplicationTests    : Started OdevApplicationTests in 15.107 seconds (process running for 15.983)
]]></system-out>
  </testcase>
</testsuite>