<?xml version="1.0" encoding="UTF-8"?>
<testsuite xmlns:xsi="http://www.w3.org/2001/XMLSchema-instance" xsi:noNamespaceSchemaLocation="https://maven.apache.org/surefire/maven-surefire-plugin/xsd/surefire-test-report-3.0.xsd" version="3.0" name="com.example.odev.OdevApplicationTests" time="12.29" tests="1" errors="0" skipped="0" failures="0">
  <properties>
[...]
</properties>
  <testcase name="contextLoads" classname="com.example.odev.OdevApplicationTests" time="0.522">
    <system-out><![CDATA[17:12:05.050 [main] INFO org.springframework.test.context.support.AnnotationConfigContextLoaderUtils -- Could not detect default configuration classes for test class [com.example.odev.OdevApplicationTests]: OdevApplicationTests does not declare any static, non-private, non-final, nested classes annotated with @Configuration.
17:12:05.146 [main] INFO org.springframework.boot.test.context.SpringBootTestContextBootstrapper -- Found @SpringBootConfiguration com.example.odev.OdevApplication for test class com.example.odev.OdevApplicationTests

  .   ____          _            __ _ _
 /\\ / ___'_ __ _ _(_)_ __  __ _ \ \ \ \
( ( )\___ | '_ | '_| | '_ \/ _` | \ \ \ \
 \\/  ___)| |_)| | | | | || (_| |  ) ) ) )
  '  |____| .__|_| |_|_| |_\__, | / / / /
 =========|_|==============|___/=/_/_/_/
 :: Spring Boot ::                (v3.2.0)

2023-12-11T17:12:05.539+03:00  INFO 19848 --- [           main] com.example.odev.OdevApplicationTests    : Starting OdevApplicationTests using Java 17.0.8 with PID 19848 (started by ATA in C:\pinsoft_projects\pinsoftOdev)
2023-12-11T17:12:05.540+03:00  INFO 19848 --- [           main] com.example.odev.OdevApplicationTests    : No active profile set, falling back to 1 default profile: "default"
2023-12-11T17:12:06.155+03:00  INFO 19848 --- [           main] .s.d.r.c.RepositoryConfigurationDelegate : Bootstrapping Spring Data JPA repositories in DEFAULT mode.
2023-12-11T17:12:06.266+03:00  INFO 19848 --- [           main] .s.d.r.c.RepositoryConfigurationDelegate : Finished Spring Data repository scanning in 92 ms. Found 4 JPA repository interfaces.
2023-12-11T17:12:06.750+03:00  INFO 19848 --- [           main] com.zaxxer.hikari.HikariDataSource       : HikariPool-1 - Starting...
2023-12-11T17:12:09.306+03:00  INFO 19848 --- [           main] com.zaxxer.hikari.pool.HikariPool        : HikariPool-1 - Added connection org.postgresql.jdbc.PgConnection@1ac6dd3d
2023-12-11T17:12:09.308+03:00  INFO 19848 --- [           main] com.zaxxer.hikari.HikariDataSource       : HikariPool-1 - Start completed.
2023-12-11T17:12:09.823+03:00  INFO 19848 --- [           main] liquibase.database                       : Set default schema name to public
2023-12-11T17:12:10.795+03:00  INFO 19848 --- [           main] liquibase.changelog                      : Reading from public.databasechangelog
Database is up to date, no changesets to execute
2023-12-11T17:12:11.691+03:00  INFO 19848 --- [           main] liquibase.changelog                      : Reading from public.databasechangelog
2023-12-11T17:12:11.796+03:00  INFO 19848 --- [           main] liquibase.util                           : UPDATE SUMMARY
2023-12-11T17:12:11.796+03:00  INFO 19848 --- [           main] liquibase.util                           : Run:                          0
2023-12-11T17:12:11.796+03:00  INFO 19848 --- [           main] liquibase.util                           : Previously run:              15
2023-12-11T17:12:11.796+03:00  INFO 19848 --- [           main] liquibase.util                           : Filtered out:                 0
2023-12-11T17:12:11.796+03:00  INFO 19848 --- [           main] liquibase.util                           : -------------------------------
2023-12-11T17:12:11.796+03:00  INFO 19848 --- [           main] liquibase.util                           : Total change sets:           15
2023-12-11T17:12:11.796+03:00  INFO 19848 --- [           main] liquibase.util                           : Update summary generated
2023-12-11T17:12:12.199+03:00  INFO 19848 --- [           main] liquibase.lockservice                    : Successfully released change log lock
2023-12-11T17:12:12.274+03:00  INFO 19848 --- [           main] liquibase.command                        : Command execution complete
2023-12-11T17:12:12.460+03:00  INFO 19848 --- [           main] o.hibernate.jpa.internal.util.LogHelper  : HHH000204: Processing PersistenceUnitInfo [name: default]
2023-12-11T17:12:12.542+03:00  INFO 19848 --- [           main] org.hibernate.Version                    : HHH000412: Hibernate ORM core version 6.3.1.Final
2023-12-11T17:12:12.591+03:00  INFO 19848 --- [           main] o.h.c.internal.RegionFactoryInitiator    : HHH000026: Second-level cache disabled
2023-12-11T17:12:12.921+03:00  INFO 19848 --- [           main] o.s.o.j.p.SpringPersistenceUnitInfo      : No LoadTimeWeaver setup: ignoring JPA class transformer
2023-12-11T17:12:13.062+03:00  WARN 19848 --- [           main] org.hibernate.orm.deprecation            : HHH90000025: PostgreSQLDialect does not need to be specified explicitly using 'hibernate.dialect' (remove the property setting and it will be selected by default)
2023-12-11T17:12:14.075+03:00  INFO 19848 --- [           main] o.h.e.t.j.p.i.JtaPlatformInitiator       : HHH000489: No JTA platform available (set 'hibernate.transaction.jta.platform' to enable JTA platform integration)
2023-12-11T17:12:15.666+03:00  INFO 19848 --- [           main] j.LocalContainerEntityManagerFactoryBean : Initialized JPA EntityManagerFactory for persistence unit 'default'
2023-12-11T17:12:15.854+03:00  WARN 19848 --- [           main] JpaBaseConfiguration$JpaWebConfiguration : spring.jpa.open-in-view is enabled by default. Therefore, database queries may be performed during view rendering. Explicitly configure spring.jpa.open-in-view to disable this warning
2023-12-11T17:12:16.630+03:00  INFO 19848 --- [           main] com.example.odev.OdevApplicationTests    : Started OdevApplicationTests in 11.323 seconds (process running for 12.238)
]]></system-out>
  </testcase>
</testsuite>